<?xml version="1.0" encoding="UTF-8"?>
<testsuite name="com.ragenotes.blacklist.core.SampleIntegrationTest" tests="1" skipped="0" failures="0" errors="0" timestamp="2019-08-22T15:12:43" hostname="daniel-Lenovo-ideapad-310-15IAP" time="5.56">
  <properties/>
  <testcase name="testLoadUser" classname="com.ragenotes.blacklist.core.SampleIntegrationTest" time="5.56"/>
  <system-out><![CDATA[19:12:15,085 |-INFO in ch.qos.logback.core.joran.action.AppenderAction - About to instantiate appender of type [ch.qos.logback.core.ConsoleAppender]
19:12:15,247 |-INFO in ch.qos.logback.core.joran.action.AppenderAction - Naming appender as [CONSOLE]
19:12:15,275 |-INFO in ch.qos.logback.core.joran.action.NestedComplexPropertyIA - Assuming default type [ch.qos.logback.classic.encoder.PatternLayoutEncoder] for [encoder] property
19:12:15,333 |-INFO in ch.qos.logback.classic.joran.action.RootLoggerAction - Setting level of ROOT logger to DEBUG
19:12:15,334 |-INFO in ch.qos.logback.core.joran.action.AppenderRefAction - Attaching appender named [CONSOLE] to Logger[ROOT]
19:12:15,337 |-INFO in ch.qos.logback.classic.joran.action.LoggerAction - Setting level of logger [com.haulmont.bali.util.Dom4j] to DEBUG
19:12:15,337 |-INFO in ch.qos.logback.classic.joran.action.LoggerAction - Setting level of logger [com.haulmont.cuba] to DEBUG
19:12:15,337 |-INFO in ch.qos.logback.classic.joran.action.LoggerAction - Setting level of logger [com.haulmont.cuba.core.sys.CubaDefaultListableBeanFactory] to WARN
19:12:15,338 |-INFO in ch.qos.logback.classic.joran.action.LoggerAction - Setting level of logger [com.haulmont.cuba.core.sys.CubaCoreApplicationContext] to INFO
19:12:15,338 |-INFO in ch.qos.logback.classic.joran.action.LoggerAction - Setting level of logger [org.springframework] to WARN
19:12:15,339 |-INFO in ch.qos.logback.classic.joran.action.LoggerAction - Setting level of logger [eclipselink] to WARN
19:12:15,339 |-INFO in ch.qos.logback.classic.joran.action.LoggerAction - Setting level of logger [eclipselink.sql] to DEBUG
19:12:15,340 |-INFO in ch.qos.logback.classic.joran.action.LoggerAction - Setting level of logger [org.springframework] to WARN
19:12:15,340 |-INFO in ch.qos.logback.classic.joran.action.LoggerAction - Setting level of logger [org.activiti] to INFO
19:12:15,341 |-INFO in ch.qos.logback.classic.joran.action.LoggerAction - Setting level of logger [freemarker] to INFO
19:12:15,341 |-INFO in ch.qos.logback.classic.joran.action.LoggerAction - Setting level of logger [org.docx4j] to INFO
19:12:15,341 |-INFO in ch.qos.logback.classic.joran.action.LoggerAction - Setting level of logger [org.hibernate] to WARN
19:12:15,342 |-INFO in ch.qos.logback.classic.joran.action.LoggerAction - Setting level of logger [sun] to INFO
19:12:15,342 |-INFO in ch.qos.logback.classic.joran.action.LoggerAction - Setting level of logger [com.sun] to INFO
19:12:15,342 |-INFO in ch.qos.logback.classic.joran.action.LoggerAction - Setting level of logger [javax] to INFO
19:12:15,343 |-INFO in ch.qos.logback.classic.joran.action.LoggerAction - Setting level of logger [org.apache] to INFO
19:12:15,343 |-INFO in ch.qos.logback.classic.joran.action.LoggerAction - Setting level of logger [org.perf4j.TimingLogger] to OFF
19:12:15,344 |-INFO in ch.qos.logback.classic.joran.action.ConfigurationAction - End of configuration.
19:12:15,347 |-INFO in ch.qos.logback.classic.joran.JoranConfigurator@3284cc52 - Registering current configuration as safe fallback point
19:12:15.547 INFO  com.haulmont.cuba.testsupport.TestContainer - Starting test container com.ragenotes.blacklist.BlacklistTestContainer$Common@7425ab99
19:12:15.650 INFO  com.haulmont.cuba.core.sys.AppComponents - Using app components: [com.haulmont.cuba]
19:12:16.814 DEBUG com.haulmont.cuba.core.sys.persistence.MappingFileCreator - Found 11 entities containing extended associations
19:12:16.830 INFO  com.haulmont.cuba.core.sys.persistence.MappingFileCreator - Creating file /home/daniel/develop/StudioProjects/blacklist/modules/core/build/test-home/rnbl-core/work/orm.xml
19:12:16.863 INFO  com.haulmont.cuba.core.sys.persistence.PersistenceConfigProcessor - Creating file /home/daniel/develop/StudioProjects/blacklist/modules/core/build/test-home/rnbl-core/work/persistence.xml
19:12:23.695 DEBUG com.haulmont.cuba.core.sys.CubaJndiDataSourceFactoryBean - Located object with JNDI name [java:comp/env/jdbc/CubaDS]
19:12:35.605 DEBUG com.haulmont.cuba.core.sys.AbstractMessages - Main message pack: com.haulmont.cuba.core com.ragenotes.blacklist.core
19:12:42.078 INFO  com.haulmont.cuba.core.sys.CubaThreadPoolTaskScheduler - Initializing ExecutorService 'scheduler'
19:12:42.779 INFO  com.haulmont.cuba.core.sys.MetadataImpl - Initializing metadata
19:12:43.271 INFO  com.haulmont.cuba.core.sys.MetadataImpl - Metadata initialized in 492 ms
19:12:47.258 DEBUG com.haulmont.cuba.core.sys.QueryImpl - select u from sec$User u where u.login = :userLogin
19:12:48.479 DEBUG eclipselink.sql - <t 1463363789, conn 1797708954> SELECT ID, DTYPE, ACTIVE, CHANGE_PASSWORD_AT_LOGON, CREATE_TS, CREATED_BY, DELETE_TS, DELETED_BY, EMAIL, FIRST_NAME, IP_MASK, LANGUAGE_, LAST_NAME, LOGIN, LOGIN_LC, MIDDLE_NAME, NAME, PASSWORD, PASSWORD_ENCRYPTION, POSITION_, TIME_ZONE, TIME_ZONE_AUTO, UPDATE_TS, UPDATED_BY, VERSION, GROUP_ID FROM SEC_USER WHERE ((LOGIN = ?) AND ((DELETE_TS IS NULL) AND (DTYPE = ?)))
	bind => [admin, blacklist_ExtUser]
19:12:48.584 DEBUG eclipselink.sql - <t 1463363789, conn 1797708954> [104 ms] spent
]]></system-out>
  <system-err><![CDATA[]]></system-err>
</testsuite>
